  main.cpp
C:\Workspace\cse-291h-project\cse-291h-project\cse-291h-project\shader.h(56,40): warning C4101: 'e': unreferenced local variable
C:\Workspace\cse-291h-project\cse-291h-project\cse-291h-project\physics.h(196,34): warning C4244: 'return': conversion from 'T' to 'int', possible loss of data
          with
          [
              T=float
          ]
C:\Workspace\cse-291h-project\cse-291h-project\cse-291h-project\physics.h(222,29): warning C4244: 'initializing': conversion from 'T' to 'int', possible loss of data
          with
          [
              T=float
          ]
C:\Workspace\cse-291h-project\cse-291h-project\cse-291h-project\physics.h(225,46): warning C4244: '=': conversion from 'T' to 'unsigned int', possible loss of data
          with
          [
              T=float
          ]
C:\Workspace\cse-291h-project\cse-291h-project\cse-291h-project\physics.h(229,46): warning C4244: '=': conversion from 'T' to 'unsigned int', possible loss of data
          with
          [
              T=float
          ]
C:\Workspace\cse-291h-project\cse-291h-project\cse-291h-project\physics.h(237,66): warning C4244: '=': conversion from 'T' to 'unsigned int', possible loss of data
          with
          [
              T=float
          ]
C:\Workspace\cse-291h-project\cse-291h-project\cse-291h-project\physics.h(238,46): warning C4244: '=': conversion from 'T' to 'unsigned int', possible loss of data
          with
          [
              T=float
          ]
C:\Workspace\cse-291h-project\cse-291h-project\cse-291h-project\physics.h(239,46): warning C4244: '=': conversion from 'T' to 'unsigned int', possible loss of data
          with
          [
              T=float
          ]
C:\Workspace\cse-291h-project\cse-291h-project\cse-291h-project\physics.h(243,56): warning C4244: '=': conversion from 'T' to 'unsigned int', possible loss of data
          with
          [
              T=float
          ]
C:\Workspace\cse-291h-project\cse-291h-project\cse-291h-project\physics.h(244,46): warning C4244: '=': conversion from 'T' to 'unsigned int', possible loss of data
          with
          [
              T=float
          ]
C:\Workspace\cse-291h-project\cse-291h-project\cse-291h-project\physics.h(249,66): warning C4244: '=': conversion from 'T' to 'unsigned int', possible loss of data
          with
          [
              T=float
          ]
C:\Workspace\cse-291h-project\cse-291h-project\cse-291h-project\physics.h(250,46): warning C4244: '=': conversion from 'T' to 'unsigned int', possible loss of data
          with
          [
              T=float
          ]
C:\Workspace\cse-291h-project\cse-291h-project\cse-291h-project\physics.h(263,29): warning C4244: 'initializing': conversion from 'T' to 'int', possible loss of data
          with
          [
              T=float
          ]
C:\Workspace\cse-291h-project\cse-291h-project\cse-291h-project\physics.h(293,90): warning C4244: 'argument': conversion from 'T' to 'const unsigned int', possible loss of data
          with
          [
              T=float
          ]
C:\Workspace\cse-291h-project\cse-291h-project\cse-291h-project\physics.h(307,90): warning C4244: 'argument': conversion from 'T' to 'const unsigned int', possible loss of data
          with
          [
              T=float
          ]
C:\Workspace\cse-291h-project\cse-291h-project\cse-291h-project\main.cpp(118,28): warning C4244: 'initializing': conversion from 'double' to 'float', possible loss of data
C:\Workspace\cse-291h-project\cse-291h-project\cse-291h-project\main.cpp(209,17): warning C4244: '=': conversion from 'double' to 'float', possible loss of data
C:\Workspace\cse-291h-project\cse-291h-project\cse-291h-project\main.cpp(210,17): warning C4244: '=': conversion from 'double' to 'float', possible loss of data
C:\Workspace\cse-291h-project\cse-291h-project\cse-291h-project\main.cpp(214,19): warning C4244: 'initializing': conversion from 'double' to 'float', possible loss of data
C:\Workspace\cse-291h-project\cse-291h-project\cse-291h-project\main.cpp(215,19): warning C4244: 'initializing': conversion from 'double' to 'float', possible loss of data
C:\Workspace\cse-291h-project\cse-291h-project\cse-291h-project\main.cpp(217,13): warning C4244: '=': conversion from 'double' to 'float', possible loss of data
C:\Workspace\cse-291h-project\cse-291h-project\cse-291h-project\main.cpp(218,13): warning C4244: '=': conversion from 'double' to 'float', possible loss of data
C:\Workspace\cse-291h-project\cse-291h-project\cse-291h-project\main.cpp(227,31): warning C4244: 'argument': conversion from 'double' to 'float', possible loss of data
  cse-291h-project.vcxproj -> C:\Workspace\cse-291h-project\cse-291h-project\Debug\cse-291h-project.exe
